[INFO] Error stacktraces are turned on.
[INFO] Scanning for projects...
[INFO] 
[INFO] ---------------< com.sportsmanager:sports-event-manager >---------------
[INFO] Building Sports Event Manager 1.0-SNAPSHOT
[INFO]   from pom.xml
[INFO] --------------------------------[ jar ]---------------------------------
[INFO] 
[INFO] >>> javafx:0.0.8:run (default-cli) > process-classes @ sports-event-manager >>>
[WARNING] 6 problems were encountered while building the effective model for org.openjfx:javafx-controls:jar:21 during dependency collection step for project (use -X to see details)
[INFO] 
[INFO] --- resources:3.3.1:resources (default-resources) @ sports-event-manager ---
[INFO] Copying 3 resources from src/main/resources to target/classes
[INFO] 
[INFO] --- compiler:3.11.0:compile (default-compile) @ sports-event-manager ---
[INFO] Changes detected - recompiling the module! :source
[INFO] Compiling 8 source files with javac [debug target 17] to target/classes
[WARNING] system modules path not set in conjunction with -source 17
[INFO] 
[INFO] <<< javafx:0.0.8:run (default-cli) < process-classes @ sports-event-manager <<<
[INFO] 
[INFO] 
[INFO] --- javafx:0.0.8:run (default-cli) @ sports-event-manager ---
Database initialized successfully!
UI shown: primaryStage displayed
